0 info it worked if it ends with ok
1 verbose cli [ 'node',
1 verbose cli   '/Users/alexander/.nvm/v0.10.33/bin/npm',
1 verbose cli   'run',
1 verbose cli   'tape-tests' ]
2 info using npm@2.1.10
3 info using node@v0.10.33
4 verbose stack Error: missing script: tape-tests
4 verbose stack     at run (/Users/alexander/.nvm/v0.10.33/lib/node_modules/npm/lib/run-script.js:130:19)
4 verbose stack     at /Users/alexander/.nvm/v0.10.33/lib/node_modules/npm/lib/run-script.js:81:5
4 verbose stack     at /Users/alexander/.nvm/v0.10.33/lib/node_modules/npm/node_modules/read-package-json/read-json.js:51:40
4 verbose stack     at final (/Users/alexander/.nvm/v0.10.33/lib/node_modules/npm/node_modules/read-package-json/read-json.js:349:17)
4 verbose stack     at then (/Users/alexander/.nvm/v0.10.33/lib/node_modules/npm/node_modules/read-package-json/read-json.js:126:33)
4 verbose stack     at /Users/alexander/.nvm/v0.10.33/lib/node_modules/npm/node_modules/read-package-json/read-json.js:331:40
4 verbose stack     at evalmachine.<anonymous>:271:14
4 verbose stack     at /Users/alexander/.nvm/v0.10.33/lib/node_modules/npm/node_modules/graceful-fs/graceful-fs.js:102:5
4 verbose stack     at Object.oncomplete (evalmachine.<anonymous>:107:15)
5 verbose cwd /Users/alexander/famous-tests
6 error Darwin 13.1.0
7 error argv "node" "/Users/alexander/.nvm/v0.10.33/bin/npm" "run" "tape-tests"
8 error node v0.10.33
9 error npm  v2.1.10
10 error missing script: tape-tests
11 error If you need help, you may report this error at:
11 error     <http://github.com/npm/npm/issues>
12 verbose exit [ 1, true ]
